[0912/161114.917:ERROR:icu_util.cc(133)] Invalid file descriptor to ICU data received.
[0912/161114.967:FATAL:content_main_delegate.cc(53)] Check failed: false. 
Backtrace:
	v8::internal::Bitmap::CellsCount [0x700EB910+54096]
	v8::PropertyDescriptor::value [0x700C5C7D+177853]
	v8::internal::interpreter::Register::operator== [0x7008C640+136736]
	std::basic_ostream<char,std::char_traits<char> >::_Osfx [0x6EA932FF+1695]
	v8::internal::ParserBase<v8::internal::Parser>::allow_eval_cache [0x6FFAE26B+109787]
	v8::internal::ParserBase<v8::internal::Parser>::allow_eval_cache [0x6FFADE14+108676]
	v8::internal::ParserBase<v8::internal::Parser>::allow_eval_cache [0x6FFAD235+105637]
	v8::internal::ParserBase<v8::internal::Parser>::allow_eval_cache [0x6FFC1F56+190918]
	v8::internal::ParserBase<v8::internal::Parser>::allow_eval_cache [0x6FFADA87+107767]
	ChromeMain [0x6EA91183+263]
	(No symbol) [0x00732B18]
	(No symbol) [0x007313E6]
	IsSandboxedProcess [0x008048B8+333592]
	BaseThreadInitThunk [0x75D6FA29+25]
	RtlGetAppContainerNamedObjectPath [0x77617A7E+286]
	RtlGetAppContainerNamedObjectPath [0x77617A4E+238]

[0912/161115.154:ERROR:http_transport_win.cc(175)] WinHttpCrackUrl: The URL does not use a recognized protocol (0x2ee6)
